<?xml version="1.0" encoding="UTF-8"?>
<testsuite xmlns:xsi="http://www.w3.org/2001/XMLSchema-instance" xsi:noNamespaceSchemaLocation="https://maven.apache.org/surefire/maven-surefire-plugin/xsd/surefire-test-report-3.0.xsd" version="3.0" name="TestSuite" time="182.308" tests="30" errors="0" skipped="0" failures="9">
  <properties>
[...]
</properties>
  <testcase name="BlogSignUpFormEnquiry" classname="org.selenium.pom.tests.FormTest" time="3.29">
    <failure message="Element &lt;button class=&quot;flex m-auto  sm:w-1/2 w-full py-2 bg-red-light dark:bg-green-standard border dark:border-green-standard border-red-right justify-center items-center rounded-full dark:rounded-[3px]&quot; type=&quot;submit&quot;&gt; is not clickable at point (613,871) because another element &lt;div class=&quot;dark:text-white text-black-lighter&quot;&gt; obscures it&#10;Build info: version: &apos;4.8.3&apos;, revision: &apos;e5e76298c3&apos;&#10;System info: os.name: &apos;Mac OS X&apos;, os.arch: &apos;aarch64&apos;, os.version: &apos;14.0&apos;, java.version: &apos;17.0.2&apos;&#10;Driver info: org.openqa.selenium.remote.RemoteWebDriver&#10;Command: [ab1911c4-bbd9-4e66-ba8e-423d5da94f1d, clickElement {id=e9b66fe0-bbe4-4167-a4fe-4c4da025a60e}]&#10;Capabilities {acceptInsecureCerts: true, browserName: firefox, browserVersion: 117.0, moz:accessibilityChecks: false, moz:buildID: 20230912013654, moz:debuggerAddress: 127.0.0.1:26136, moz:firefoxOptions: {}, moz:geckodriverVersion: 0.33.0, moz:headless: false, moz:platformVersion: 5.15.49-linuxkit-pr, moz:processID: 159, moz:profile: /tmp/rust_mozprofilehjG5Xg, moz:shutdownTimeout: 60000, moz:webdriverClick: true, moz:windowless: false, pageLoadStrategy: normal, platformName: LINUX, proxy: Proxy(), se:bidi: ws://172.19.0.4:4444/sessio..., se:cdp: ws://172.19.0.4:4444/sessio..., se:cdpVersion: 85.0, se:noVncPort: 7900, se:vnc: ws://172.19.0.4:4444/sessio..., se:vncEnabled: true, se:vncLocalAddress: ws://172.19.0.4:7900, setWindowRect: true, strictFileInteractability: false, timeouts: {implicit: 0, pageLoad: 300000, script: 30000}, unhandledPromptBehavior: dismiss and notify}&#10;Element: [[RemoteWebDriver: firefox on LINUX (ab1911c4-bbd9-4e66-ba8e-423d5da94f1d)] -&gt; xpath: (//button[@type=&apos;submit&apos;])[1]]&#10;Session ID: ab1911c4-bbd9-4e66-ba8e-423d5da94f1d" type="org.openqa.selenium.ElementClickInterceptedException"><![CDATA[org.openqa.selenium.ElementClickInterceptedException: 
Element <button class="flex m-auto  sm:w-1/2 w-full py-2 bg-red-light dark:bg-green-standard border dark:border-green-standard border-red-right justify-center items-center rounded-full dark:rounded-[3px]" type="submit"> is not clickable at point (613,871) because another element <div class="dark:text-white text-black-lighter"> obscures it
Build info: version: '4.8.3', revision: 'e5e76298c3'
System info: os.name: 'Mac OS X', os.arch: 'aarch64', os.version: '14.0', java.version: '17.0.2'
Driver info: org.openqa.selenium.remote.RemoteWebDriver
Command: [ab1911c4-bbd9-4e66-ba8e-423d5da94f1d, clickElement {id=e9b66fe0-bbe4-4167-a4fe-4c4da025a60e}]
Capabilities {acceptInsecureCerts: true, browserName: firefox, browserVersion: 117.0, moz:accessibilityChecks: false, moz:buildID: 20230912013654, moz:debuggerAddress: 127.0.0.1:26136, moz:firefoxOptions: {}, moz:geckodriverVersion: 0.33.0, moz:headless: false, moz:platformVersion: 5.15.49-linuxkit-pr, moz:processID: 159, moz:profile: /tmp/rust_mozprofilehjG5Xg, moz:shutdownTimeout: 60000, moz:webdriverClick: true, moz:windowless: false, pageLoadStrategy: normal, platformName: LINUX, proxy: Proxy(), se:bidi: ws://172.19.0.4:4444/sessio..., se:cdp: ws://172.19.0.4:4444/sessio..., se:cdpVersion: 85.0, se:noVncPort: 7900, se:vnc: ws://172.19.0.4:4444/sessio..., se:vncEnabled: true, se:vncLocalAddress: ws://172.19.0.4:7900, setWindowRect: true, strictFileInteractability: false, timeouts: {implicit: 0, pageLoad: 300000, script: 30000}, unhandledPromptBehavior: dismiss and notify}
Element: [[RemoteWebDriver: firefox on LINUX (ab1911c4-bbd9-4e66-ba8e-423d5da94f1d)] -> xpath: (//button[@type='submit'])[1]]
Session ID: ab1911c4-bbd9-4e66-ba8e-423d5da94f1d
	at java.base/jdk.internal.reflect.NativeConstructorAccessorImpl.newInstance0(Native Method)
	at java.base/jdk.internal.reflect.NativeConstructorAccessorImpl.newInstance(NativeConstructorAccessorImpl.java:77)
	at java.base/jdk.internal.reflect.DelegatingConstructorAccessorImpl.newInstance(DelegatingConstructorAccessorImpl.java:45)
	at java.base/java.lang.reflect.Constructor.newInstanceWithCaller(Constructor.java:499)
	at java.base/java.lang.reflect.Constructor.newInstance(Constructor.java:480)
	at org.openqa.selenium.remote.codec.w3c.W3CHttpResponseCodec.createException(W3CHttpResponseCodec.java:200)
	at org.openqa.selenium.remote.codec.w3c.W3CHttpResponseCodec.decode(W3CHttpResponseCodec.java:133)
	at org.openqa.selenium.remote.codec.w3c.W3CHttpResponseCodec.decode(W3CHttpResponseCodec.java:53)
	at org.openqa.selenium.remote.HttpCommandExecutor.execute(HttpCommandExecutor.java:193)
	at org.openqa.selenium.remote.TracedCommandExecutor.execute(TracedCommandExecutor.java:51)
	at org.openqa.selenium.remote.RemoteWebDriver.execute(RemoteWebDriver.java:543)
	at org.openqa.selenium.remote.RemoteWebElement.execute(RemoteWebElement.java:257)
	at org.openqa.selenium.remote.RemoteWebElement.click(RemoteWebElement.java:78)
	at org.selenium.pom.pages.forms.BlogSignUpForm.submitEnquiry(BlogSignUpForm.java:78)
	at org.selenium.pom.tests.FormTest.BlogSignUpFormEnquiry(FormTest.java:91)
	at java.base/jdk.internal.reflect.NativeMethodAccessorImpl.invoke0(Native Method)
	at java.base/jdk.internal.reflect.NativeMethodAccessorImpl.invoke(NativeMethodAccessorImpl.java:77)
	at java.base/jdk.internal.reflect.DelegatingMethodAccessorImpl.invoke(DelegatingMethodAccessorImpl.java:43)
	at java.base/java.lang.reflect.Method.invoke(Method.java:568)
	at org.testng.internal.invokers.MethodInvocationHelper.invokeMethod(MethodInvocationHelper.java:139)
	at org.testng.internal.invokers.TestInvoker.invokeMethod(TestInvoker.java:677)
	at org.testng.internal.invokers.TestInvoker.invokeTestMethod(TestInvoker.java:221)
	at org.testng.internal.invokers.MethodRunner.runInSequence(MethodRunner.java:50)
	at org.testng.internal.invokers.TestInvoker$MethodInvocationAgent.invoke(TestInvoker.java:969)
	at org.testng.internal.invokers.TestInvoker.invokeTestMethods(TestInvoker.java:194)
	at org.testng.internal.invokers.TestMethodWorker.invokeTestMethods(TestMethodWorker.java:148)
	at org.testng.internal.invokers.TestMethodWorker.run(TestMethodWorker.java:128)
	at java.base/java.util.concurrent.ThreadPoolExecutor.runWorker(ThreadPoolExecutor.java:1136)
	at java.base/java.util.concurrent.ThreadPoolExecutor$Worker.run(ThreadPoolExecutor.java:635)
	at java.base/java.lang.Thread.run(Thread.java:833)
]]></failure>
    <system-out><![CDATA[CURRENT THREAD: 32, DRIVER = RemoteWebDriver: chrome on LINUX (1ff5e91a9a093c00b4e75918af2987b8)
CURRENT THREAD: 28, DRIVER = RemoteWebDriver: firefox on LINUX (ab1911c4-bbd9-4e66-ba8e-423d5da94f1d)
CURRENT THREAD: 30, DRIVER = RemoteWebDriver: chrome on LINUX (816e0f16cd42165f8f3a0fa17d4fc460)
CURRENT THREAD: 29, DRIVER = RemoteWebDriver: firefox on LINUX (28d29af7-22e5-41ba-94ae-dc6e8c5cec12)
CURRENT THREAD: 31, DRIVER = RemoteWebDriver: chrome on LINUX (1e80bc8491bfbda0466f522fe0792edc)
CURRENT THREAD: 27, DRIVER = RemoteWebDriver: firefox on LINUX (15944146-567a-43e0-8e14-8bc5e9c61408)
]]></system-out>
    <system-err><![CDATA[SLF4J: Failed to load class "org.slf4j.impl.StaticLoggerBinder".
SLF4J: Defaulting to no-operation (NOP) logger implementation
SLF4J: See http://www.slf4j.org/codes.html#StaticLoggerBinder for further details.
Nov 02, 2023 7:54:20 PM org.openqa.selenium.remote.tracing.opentelemetry.OpenTelemetryTracer createTracer
INFO: Using OpenTelemetry for tracing
]]></system-err>
  </testcase>
  <testcase name="BlogSignUpFormEnquiry" classname="org.selenium.pom.tests.FormTest" time="0.113">
    <system-out><![CDATA[CURRENT THREAD: 30, DRIVER = RemoteWebDriver: chrome on LINUX (816e0f16cd42165f8f3a0fa17d4fc460)
CURRENT THREAD: 29, DRIVER = RemoteWebDriver: firefox on LINUX (b320cad9-984d-4e66-8684-3da042364d74)
CURRENT THREAD: 30, DRIVER = RemoteWebDriver: chrome on LINUX (9c831e7b1c83890723c5319086eca1c7)
]]></system-out>
  </testcase>
  <testcase name="BrochureDownloadFormSubmission" classname="org.selenium.pom.tests.FormTest" time="10.36">
    <system-out><![CDATA[CURRENT THREAD: 28, DRIVER = RemoteWebDriver: firefox on LINUX (ab1911c4-bbd9-4e66-ba8e-423d5da94f1d)
CURRENT THREAD: 28, DRIVER = RemoteWebDriver: firefox on LINUX (ea347a52-e596-44e1-bf31-c102c38e4f44)
]]></system-out>
  </testcase>
  <testcase name="BrochureDownloadFormSubmission" classname="org.selenium.pom.tests.FormTest" time="4.827">
    <failure message="Expected condition failed: waiting for visibility of element located by By.xpath: (//input[@placeholder=&apos;First Name*&apos;])[1] (tried for 30 second(s) with 500 milliseconds interval)&#10;Build info: version: &apos;4.8.3&apos;, revision: &apos;e5e76298c3&apos;&#10;System info: os.name: &apos;Mac OS X&apos;, os.arch: &apos;aarch64&apos;, os.version: &apos;14.0&apos;, java.version: &apos;17.0.2&apos;&#10;Driver info: org.openqa.selenium.remote.RemoteWebDriver&#10;Capabilities {acceptInsecureCerts: false, browserName: chrome, browserVersion: 117.0.5938.62, chrome: {chromedriverVersion: 117.0.5938.62 (25a7172909a4..., userDataDir: /tmp/.org.chromium.Chromium...}, fedcm:accounts: true, goog:chromeOptions: {debuggerAddress: localhost:35905}, networkConnectionEnabled: false, pageLoadStrategy: normal, platformName: LINUX, proxy: Proxy(), se:bidiEnabled: false, se:cdp: ws://172.19.0.3:4444/sessio..., se:cdpVersion: 117.0.5938.62, se:vnc: ws://172.19.0.3:4444/sessio..., se:vncEnabled: true, se:vncLocalAddress: ws://172.19.0.3:7900, setWindowRect: true, strictFileInteractability: false, timeouts: {implicit: 0, pageLoad: 300000, script: 30000}, unhandledPromptBehavior: dismiss and notify, webauthn:extension:credBlob: true, webauthn:extension:largeBlob: true, webauthn:extension:minPinLength: true, webauthn:extension:prf: true, webauthn:virtualAuthenticators: true}&#10;Session ID: 1ff5e91a9a093c00b4e75918af2987b8" type="org.openqa.selenium.TimeoutException"><![CDATA[org.openqa.selenium.TimeoutException: 
Expected condition failed: waiting for visibility of element located by By.xpath: (//input[@placeholder='First Name*'])[1] (tried for 30 second(s) with 500 milliseconds interval)
Build info: version: '4.8.3', revision: 'e5e76298c3'
System info: os.name: 'Mac OS X', os.arch: 'aarch64', os.version: '14.0', java.version: '17.0.2'
Driver info: org.openqa.selenium.remote.RemoteWebDriver
Capabilities {acceptInsecureCerts: false, browserName: chrome, browserVersion: 117.0.5938.62, chrome: {chromedriverVersion: 117.0.5938.62 (25a7172909a4..., userDataDir: /tmp/.org.chromium.Chromium...}, fedcm:accounts: true, goog:chromeOptions: {debuggerAddress: localhost:35905}, networkConnectionEnabled: false, pageLoadStrategy: normal, platformName: LINUX, proxy: Proxy(), se:bidiEnabled: false, se:cdp: ws://172.19.0.3:4444/sessio..., se:cdpVersion: 117.0.5938.62, se:vnc: ws://172.19.0.3:4444/sessio..., se:vncEnabled: true, se:vncLocalAddress: ws://172.19.0.3:7900, setWindowRect: true, strictFileInteractability: false, timeouts: {implicit: 0, pageLoad: 300000, script: 30000}, unhandledPromptBehavior: dismiss and notify, webauthn:extension:credBlob: true, webauthn:extension:largeBlob: true, webauthn:extension:minPinLength: true, webauthn:extension:prf: true, webauthn:virtualAuthenticators: true}
Session ID: 1ff5e91a9a093c00b4e75918af2987b8
	at org.openqa.selenium.support.ui.WebDriverWait.timeoutException(WebDriverWait.java:87)
	at org.openqa.selenium.support.ui.FluentWait.until(FluentWait.java:231)
	at org.selenium.pom.pages.forms.BrochureDownloadForm.enterFirstName(BrochureDownloadForm.java:48)
	at org.selenium.pom.pages.forms.BrochureDownloadForm.setUserInfo(BrochureDownloadForm.java:80)
	at org.selenium.pom.tests.FormTest.BrochureDownloadFormSubmission(FormTest.java:204)
	at java.base/jdk.internal.reflect.NativeMethodAccessorImpl.invoke0(Native Method)
	at java.base/jdk.internal.reflect.NativeMethodAccessorImpl.invoke(NativeMethodAccessorImpl.java:77)
	at java.base/jdk.internal.reflect.DelegatingMethodAccessorImpl.invoke(DelegatingMethodAccessorImpl.java:43)
	at java.base/java.lang.reflect.Method.invoke(Method.java:568)
	at org.testng.internal.invokers.MethodInvocationHelper.invokeMethod(MethodInvocationHelper.java:139)
	at org.testng.internal.invokers.TestInvoker.invokeMethod(TestInvoker.java:677)
	at org.testng.internal.invokers.TestInvoker.invokeTestMethod(TestInvoker.java:221)
	at org.testng.internal.invokers.MethodRunner.runInSequence(MethodRunner.java:50)
	at org.testng.internal.invokers.TestInvoker$MethodInvocationAgent.invoke(TestInvoker.java:969)
	at org.testng.internal.invokers.TestInvoker.invokeTestMethods(TestInvoker.java:194)
	at org.testng.internal.invokers.TestMethodWorker.invokeTestMethods(TestMethodWorker.java:148)
	at org.testng.internal.invokers.TestMethodWorker.run(TestMethodWorker.java:128)
	at java.base/java.util.concurrent.ThreadPoolExecutor.runWorker(ThreadPoolExecutor.java:1136)
	at java.base/java.util.concurrent.ThreadPoolExecutor$Worker.run(ThreadPoolExecutor.java:635)
	at java.base/java.lang.Thread.run(Thread.java:833)
]]></failure>
    <system-out><![CDATA[CURRENT THREAD: 30, DRIVER = RemoteWebDriver: chrome on LINUX (9c831e7b1c83890723c5319086eca1c7)
]]></system-out>
  </testcase>
  <testcase name="BlogSignUpFormCallbackRequest" classname="org.selenium.pom.tests.FormTest" time="11.43">
    <system-out><![CDATA[CURRENT THREAD: 29, DRIVER = RemoteWebDriver: firefox on LINUX (28d29af7-22e5-41ba-94ae-dc6e8c5cec12)
]]></system-out>
  </testcase>
  <testcase name="BlogSignUpFormCallbackRequest" classname="org.selenium.pom.tests.FormTest" time="10.674">
    <failure message="Expected condition failed: waiting for visibility of element located by By.xpath: //h1[normalize-space()=&apos;Just a moment...&apos;] (tried for 30 second(s) with 500 milliseconds interval)&#10;Build info: version: &apos;4.8.3&apos;, revision: &apos;e5e76298c3&apos;&#10;System info: os.name: &apos;Mac OS X&apos;, os.arch: &apos;aarch64&apos;, os.version: &apos;14.0&apos;, java.version: &apos;17.0.2&apos;&#10;Driver info: org.openqa.selenium.remote.RemoteWebDriver&#10;Capabilities {acceptInsecureCerts: true, browserName: firefox, browserVersion: 117.0, moz:accessibilityChecks: false, moz:buildID: 20230912013654, moz:debuggerAddress: 127.0.0.1:24815, moz:firefoxOptions: {}, moz:geckodriverVersion: 0.33.0, moz:headless: false, moz:platformVersion: 5.15.49-linuxkit-pr, moz:processID: 608, moz:profile: /tmp/rust_mozprofileOQlCNK, moz:shutdownTimeout: 60000, moz:webdriverClick: true, moz:windowless: false, pageLoadStrategy: normal, platformName: LINUX, proxy: Proxy(), se:bidi: ws://172.19.0.4:4444/sessio..., se:cdp: ws://172.19.0.4:4444/sessio..., se:cdpVersion: 85.0, se:noVncPort: 7900, se:vnc: ws://172.19.0.4:4444/sessio..., se:vncEnabled: true, se:vncLocalAddress: ws://172.19.0.4:7900, setWindowRect: true, strictFileInteractability: false, timeouts: {implicit: 0, pageLoad: 300000, script: 30000}, unhandledPromptBehavior: dismiss and notify}&#10;Session ID: 15944146-567a-43e0-8e14-8bc5e9c61408" type="org.openqa.selenium.TimeoutException"><![CDATA[org.openqa.selenium.TimeoutException: 
Expected condition failed: waiting for visibility of element located by By.xpath: //h1[normalize-space()='Just a moment...'] (tried for 30 second(s) with 500 milliseconds interval)
Build info: version: '4.8.3', revision: 'e5e76298c3'
System info: os.name: 'Mac OS X', os.arch: 'aarch64', os.version: '14.0', java.version: '17.0.2'
Driver info: org.openqa.selenium.remote.RemoteWebDriver
Capabilities {acceptInsecureCerts: true, browserName: firefox, browserVersion: 117.0, moz:accessibilityChecks: false, moz:buildID: 20230912013654, moz:debuggerAddress: 127.0.0.1:24815, moz:firefoxOptions: {}, moz:geckodriverVersion: 0.33.0, moz:headless: false, moz:platformVersion: 5.15.49-linuxkit-pr, moz:processID: 608, moz:profile: /tmp/rust_mozprofileOQlCNK, moz:shutdownTimeout: 60000, moz:webdriverClick: true, moz:windowless: false, pageLoadStrategy: normal, platformName: LINUX, proxy: Proxy(), se:bidi: ws://172.19.0.4:4444/sessio..., se:cdp: ws://172.19.0.4:4444/sessio..., se:cdpVersion: 85.0, se:noVncPort: 7900, se:vnc: ws://172.19.0.4:4444/sessio..., se:vncEnabled: true, se:vncLocalAddress: ws://172.19.0.4:7900, setWindowRect: true, strictFileInteractability: false, timeouts: {implicit: 0, pageLoad: 300000, script: 30000}, unhandledPromptBehavior: dismiss and notify}
Session ID: 15944146-567a-43e0-8e14-8bc5e9c61408
	at org.openqa.selenium.support.ui.WebDriverWait.timeoutException(WebDriverWait.java:87)
	at org.openqa.selenium.support.ui.FluentWait.until(FluentWait.java:231)
	at org.selenium.pom.pages.forms.JustAMoment.getJustAMomentMessage(JustAMoment.java:17)
	at org.selenium.pom.base.PageMessageAssertionsHelper.assertJustAMoment(PageMessageAssertionsHelper.java:17)
	at org.selenium.pom.tests.FormTest.BlogSignUpFormCallbackRequest(FormTest.java:108)
	at java.base/jdk.internal.reflect.NativeMethodAccessorImpl.invoke0(Native Method)
	at java.base/jdk.internal.reflect.NativeMethodAccessorImpl.invoke(NativeMethodAccessorImpl.java:77)
	at java.base/jdk.internal.reflect.DelegatingMethodAccessorImpl.invoke(DelegatingMethodAccessorImpl.java:43)
	at java.base/java.lang.reflect.Method.invoke(Method.java:568)
	at org.testng.internal.invokers.MethodInvocationHelper.invokeMethod(MethodInvocationHelper.java:139)
	at org.testng.internal.invokers.TestInvoker.invokeMethod(TestInvoker.java:677)
	at org.testng.internal.invokers.TestInvoker.invokeTestMethod(TestInvoker.java:221)
	at org.testng.internal.invokers.MethodRunner.runInSequence(MethodRunner.java:50)
	at org.testng.internal.invokers.TestInvoker$MethodInvocationAgent.invoke(TestInvoker.java:969)
	at org.testng.internal.invokers.TestInvoker.invokeTestMethods(TestInvoker.java:194)
	at org.testng.internal.invokers.TestMethodWorker.invokeTestMethods(TestMethodWorker.java:148)
	at org.testng.internal.invokers.TestMethodWorker.run(TestMethodWorker.java:128)
	at java.base/java.util.concurrent.ThreadPoolExecutor.runWorker(ThreadPoolExecutor.java:1136)
	at java.base/java.util.concurrent.ThreadPoolExecutor$Worker.run(ThreadPoolExecutor.java:635)
	at java.base/java.lang.Thread.run(Thread.java:833)
]]></failure>
    <system-out><![CDATA[CURRENT THREAD: 31, DRIVER = RemoteWebDriver: chrome on LINUX (1e80bc8491bfbda0466f522fe0792edc)
CURRENT THREAD: 31, DRIVER = RemoteWebDriver: chrome on LINUX (78e4a9c0be06b4e49d86af83384a0441)
]]></system-out>
  </testcase>
  <testcase name="CallBackRequestFormSubmission" classname="org.selenium.pom.tests.FormTest" time="2.87">
    <system-out><![CDATA[CURRENT THREAD: 27, DRIVER = RemoteWebDriver: firefox on LINUX (15944146-567a-43e0-8e14-8bc5e9c61408)
CURRENT THREAD: 27, DRIVER = RemoteWebDriver: firefox on LINUX (076a7993-86c3-4bb2-9af5-4a89b6f4b023)
]]></system-out>
  </testcase>
  <testcase name="CallBackRequestFormSubmission" classname="org.selenium.pom.tests.FormTest" time="0.388">
    <failure message="Expected condition failed: waiting for visibility of element located by By.xpath: //h1[normalize-space()=&apos;Just a moment...&apos;] (tried for 30 second(s) with 500 milliseconds interval)&#10;Build info: version: &apos;4.8.3&apos;, revision: &apos;e5e76298c3&apos;&#10;System info: os.name: &apos;Mac OS X&apos;, os.arch: &apos;aarch64&apos;, os.version: &apos;14.0&apos;, java.version: &apos;17.0.2&apos;&#10;Driver info: org.openqa.selenium.remote.RemoteWebDriver&#10;Capabilities {acceptInsecureCerts: true, browserName: firefox, browserVersion: 117.0, moz:accessibilityChecks: false, moz:buildID: 20230912013654, moz:debuggerAddress: 127.0.0.1:3468, moz:firefoxOptions: {}, moz:geckodriverVersion: 0.33.0, moz:headless: false, moz:platformVersion: 5.15.49-linuxkit-pr, moz:processID: 1030, moz:profile: /tmp/rust_mozprofileNMO3Ou, moz:shutdownTimeout: 60000, moz:webdriverClick: true, moz:windowless: false, pageLoadStrategy: normal, platformName: LINUX, proxy: Proxy(), se:bidi: ws://172.19.0.4:4444/sessio..., se:cdp: ws://172.19.0.4:4444/sessio..., se:cdpVersion: 85.0, se:noVncPort: 7900, se:vnc: ws://172.19.0.4:4444/sessio..., se:vncEnabled: true, se:vncLocalAddress: ws://172.19.0.4:7900, setWindowRect: true, strictFileInteractability: false, timeouts: {implicit: 0, pageLoad: 300000, script: 30000}, unhandledPromptBehavior: dismiss and notify}&#10;Session ID: ea347a52-e596-44e1-bf31-c102c38e4f44" type="org.openqa.selenium.TimeoutException"><![CDATA[org.openqa.selenium.TimeoutException: 
Expected condition failed: waiting for visibility of element located by By.xpath: //h1[normalize-space()='Just a moment...'] (tried for 30 second(s) with 500 milliseconds interval)
Build info: version: '4.8.3', revision: 'e5e76298c3'
System info: os.name: 'Mac OS X', os.arch: 'aarch64', os.version: '14.0', java.version: '17.0.2'
Driver info: org.openqa.selenium.remote.RemoteWebDriver
Capabilities {acceptInsecureCerts: true, browserName: firefox, browserVersion: 117.0, moz:accessibilityChecks: false, moz:buildID: 20230912013654, moz:debuggerAddress: 127.0.0.1:3468, moz:firefoxOptions: {}, moz:geckodriverVersion: 0.33.0, moz:headless: false, moz:platformVersion: 5.15.49-linuxkit-pr, moz:processID: 1030, moz:profile: /tmp/rust_mozprofileNMO3Ou, moz:shutdownTimeout: 60000, moz:webdriverClick: true, moz:windowless: false, pageLoadStrategy: normal, platformName: LINUX, proxy: Proxy(), se:bidi: ws://172.19.0.4:4444/sessio..., se:cdp: ws://172.19.0.4:4444/sessio..., se:cdpVersion: 85.0, se:noVncPort: 7900, se:vnc: ws://172.19.0.4:4444/sessio..., se:vncEnabled: true, se:vncLocalAddress: ws://172.19.0.4:7900, setWindowRect: true, strictFileInteractability: false, timeouts: {implicit: 0, pageLoad: 300000, script: 30000}, unhandledPromptBehavior: dismiss and notify}
Session ID: ea347a52-e596-44e1-bf31-c102c38e4f44
	at org.openqa.selenium.support.ui.WebDriverWait.timeoutException(WebDriverWait.java:87)
	at org.openqa.selenium.support.ui.FluentWait.until(FluentWait.java:231)
	at org.selenium.pom.pages.forms.JustAMoment.getJustAMomentMessage(JustAMoment.java:17)
	at org.selenium.pom.base.PageMessageAssertionsHelper.assertJustAMoment(PageMessageAssertionsHelper.java:17)
	at org.selenium.pom.tests.FormTest.CallBackRequestFormSubmission(FormTest.java:165)
	at java.base/jdk.internal.reflect.NativeMethodAccessorImpl.invoke0(Native Method)
	at java.base/jdk.internal.reflect.NativeMethodAccessorImpl.invoke(NativeMethodAccessorImpl.java:77)
	at java.base/jdk.internal.reflect.DelegatingMethodAccessorImpl.invoke(DelegatingMethodAccessorImpl.java:43)
	at java.base/java.lang.reflect.Method.invoke(Method.java:568)
	at org.testng.internal.invokers.MethodInvocationHelper.invokeMethod(MethodInvocationHelper.java:139)
	at org.testng.internal.invokers.TestInvoker.invokeMethod(TestInvoker.java:677)
	at org.testng.internal.invokers.TestInvoker.invokeTestMethod(TestInvoker.java:221)
	at org.testng.internal.invokers.MethodRunner.runInSequence(MethodRunner.java:50)
	at org.testng.internal.invokers.TestInvoker$MethodInvocationAgent.invoke(TestInvoker.java:969)
	at org.testng.internal.invokers.TestInvoker.invokeTestMethods(TestInvoker.java:194)
	at org.testng.internal.invokers.TestMethodWorker.invokeTestMethods(TestMethodWorker.java:148)
	at org.testng.internal.invokers.TestMethodWorker.run(TestMethodWorker.java:128)
	at java.base/java.util.concurrent.ThreadPoolExecutor.runWorker(ThreadPoolExecutor.java:1136)
	at java.base/java.util.concurrent.ThreadPoolExecutor$Worker.run(ThreadPoolExecutor.java:635)
	at java.base/java.lang.Thread.run(Thread.java:833)
]]></failure>
    <system-out><![CDATA[CURRENT THREAD: 30, DRIVER = RemoteWebDriver: chrome on LINUX (e0a24c17c4cb52d0d3bdac86f3556818)
CURRENT THREAD: 32, DRIVER = RemoteWebDriver: chrome on LINUX (1ff5e91a9a093c00b4e75918af2987b8)
]]></system-out>
  </testcase>
  <testcase name="EnquiryFormSubmission" classname="org.selenium.pom.tests.FormTest" time="1.195">
    <system-out><![CDATA[CURRENT THREAD: 28, DRIVER = RemoteWebDriver: firefox on LINUX (ea347a52-e596-44e1-bf31-c102c38e4f44)
]]></system-out>
  </testcase>
  <testcase name="EnquiryFormSubmission" classname="org.selenium.pom.tests.FormTest" time="2.709">
    <failure message="Expected condition failed: waiting for visibility of element located by By.xpath: //h1[normalize-space()=&apos;Just a moment...&apos;] (tried for 30 second(s) with 500 milliseconds interval)&#10;Build info: version: &apos;4.8.3&apos;, revision: &apos;e5e76298c3&apos;&#10;System info: os.name: &apos;Mac OS X&apos;, os.arch: &apos;aarch64&apos;, os.version: &apos;14.0&apos;, java.version: &apos;17.0.2&apos;&#10;Driver info: org.openqa.selenium.remote.RemoteWebDriver&#10;Capabilities {acceptInsecureCerts: true, browserName: firefox, browserVersion: 117.0, moz:accessibilityChecks: false, moz:buildID: 20230912013654, moz:debuggerAddress: 127.0.0.1:6500, moz:firefoxOptions: {}, moz:geckodriverVersion: 0.33.0, moz:headless: false, moz:platformVersion: 5.15.49-linuxkit-pr, moz:processID: 1483, moz:profile: /tmp/rust_mozprofileq66Huq, moz:shutdownTimeout: 60000, moz:webdriverClick: true, moz:windowless: false, pageLoadStrategy: normal, platformName: LINUX, proxy: Proxy(), se:bidi: ws://172.19.0.4:4444/sessio..., se:cdp: ws://172.19.0.4:4444/sessio..., se:cdpVersion: 85.0, se:noVncPort: 7900, se:vnc: ws://172.19.0.4:4444/sessio..., se:vncEnabled: true, se:vncLocalAddress: ws://172.19.0.4:7900, setWindowRect: true, strictFileInteractability: false, timeouts: {implicit: 0, pageLoad: 300000, script: 30000}, unhandledPromptBehavior: dismiss and notify}&#10;Session ID: b320cad9-984d-4e66-8684-3da042364d74" type="org.openqa.selenium.TimeoutException"><![CDATA[org.openqa.selenium.TimeoutException: 
Expected condition failed: waiting for visibility of element located by By.xpath: //h1[normalize-space()='Just a moment...'] (tried for 30 second(s) with 500 milliseconds interval)
Build info: version: '4.8.3', revision: 'e5e76298c3'
System info: os.name: 'Mac OS X', os.arch: 'aarch64', os.version: '14.0', java.version: '17.0.2'
Driver info: org.openqa.selenium.remote.RemoteWebDriver
Capabilities {acceptInsecureCerts: true, browserName: firefox, browserVersion: 117.0, moz:accessibilityChecks: false, moz:buildID: 20230912013654, moz:debuggerAddress: 127.0.0.1:6500, moz:firefoxOptions: {}, moz:geckodriverVersion: 0.33.0, moz:headless: false, moz:platformVersion: 5.15.49-linuxkit-pr, moz:processID: 1483, moz:profile: /tmp/rust_mozprofileq66Huq, moz:shutdownTimeout: 60000, moz:webdriverClick: true, moz:windowless: false, pageLoadStrategy: normal, platformName: LINUX, proxy: Proxy(), se:bidi: ws://172.19.0.4:4444/sessio..., se:cdp: ws://172.19.0.4:4444/sessio..., se:cdpVersion: 85.0, se:noVncPort: 7900, se:vnc: ws://172.19.0.4:4444/sessio..., se:vncEnabled: true, se:vncLocalAddress: ws://172.19.0.4:7900, setWindowRect: true, strictFileInteractability: false, timeouts: {implicit: 0, pageLoad: 300000, script: 30000}, unhandledPromptBehavior: dismiss and notify}
Session ID: b320cad9-984d-4e66-8684-3da042364d74
	at org.openqa.selenium.support.ui.WebDriverWait.timeoutException(WebDriverWait.java:87)
	at org.openqa.selenium.support.ui.FluentWait.until(FluentWait.java:231)
	at org.selenium.pom.pages.forms.JustAMoment.getJustAMomentMessage(JustAMoment.java:17)
	at org.selenium.pom.base.PageMessageAssertionsHelper.assertJustAMoment(PageMessageAssertionsHelper.java:17)
	at org.selenium.pom.tests.FormTest.EnquiryFormSubmission(FormTest.java:137)
	at java.base/jdk.internal.reflect.NativeMethodAccessorImpl.invoke0(Native Method)
	at java.base/jdk.internal.reflect.NativeMethodAccessorImpl.invoke(NativeMethodAccessorImpl.java:77)
	at java.base/jdk.internal.reflect.DelegatingMethodAccessorImpl.invoke(DelegatingMethodAccessorImpl.java:43)
	at java.base/java.lang.reflect.Method.invoke(Method.java:568)
	at org.testng.internal.invokers.MethodInvocationHelper.invokeMethod(MethodInvocationHelper.java:139)
	at org.testng.internal.invokers.TestInvoker.invokeMethod(TestInvoker.java:677)
	at org.testng.internal.invokers.TestInvoker.invokeTestMethod(TestInvoker.java:221)
	at org.testng.internal.invokers.MethodRunner.runInSequence(MethodRunner.java:50)
	at org.testng.internal.invokers.TestInvoker$MethodInvocationAgent.invoke(TestInvoker.java:969)
	at org.testng.internal.invokers.TestInvoker.invokeTestMethods(TestInvoker.java:194)
	at org.testng.internal.invokers.TestMethodWorker.invokeTestMethods(TestMethodWorker.java:148)
	at org.testng.internal.invokers.TestMethodWorker.run(TestMethodWorker.java:128)
	at java.base/java.util.concurrent.ThreadPoolExecutor.runWorker(ThreadPoolExecutor.java:1136)
	at java.base/java.util.concurrent.ThreadPoolExecutor$Worker.run(ThreadPoolExecutor.java:635)
	at java.base/java.lang.Thread.run(Thread.java:833)
]]></failure>
    <system-out><![CDATA[CURRENT THREAD: 31, DRIVER = RemoteWebDriver: chrome on LINUX (78e4a9c0be06b4e49d86af83384a0441)
CURRENT THREAD: 32, DRIVER = RemoteWebDriver: chrome on LINUX (841248c94907fc3512eb836382d44fc0)
CURRENT THREAD: 28, DRIVER = RemoteWebDriver: firefox on LINUX (bcd40b92-79a1-41bd-b86e-5fd4e08613ca)
CURRENT THREAD: 31, DRIVER = RemoteWebDriver: chrome on LINUX (9a314736519855f1c8cd0c9605ab2433)
]]></system-out>
  </testcase>
  <testcase name="GetMoreInfoFormSubmission" classname="org.selenium.pom.tests.FormTest" time="8.227">
    <system-out><![CDATA[CURRENT THREAD: 29, DRIVER = RemoteWebDriver: firefox on LINUX (b320cad9-984d-4e66-8684-3da042364d74)
]]></system-out>
  </testcase>
  <testcase name="GetMoreInfoFormSubmission" classname="org.selenium.pom.tests.FormTest" time="3.37">
    <system-out><![CDATA[CURRENT THREAD: 29, DRIVER = RemoteWebDriver: firefox on LINUX (4b07b846-2c22-400b-bebb-609685c30903)
]]></system-out>
  </testcase>
  <testcase name="GroupApplicationFormSubmission" classname="org.selenium.pom.tests.FormTest" time="6.3">
    <system-out><![CDATA[CURRENT THREAD: 29, DRIVER = RemoteWebDriver: firefox on LINUX (4b07b846-2c22-400b-bebb-609685c30903)
CURRENT THREAD: 27, DRIVER = RemoteWebDriver: firefox on LINUX (076a7993-86c3-4bb2-9af5-4a89b6f4b023)
]]></system-out>
  </testcase>
  <testcase name="GroupApplicationFormSubmission" classname="org.selenium.pom.tests.FormTest" time="0.803">
    <system-out><![CDATA[CURRENT THREAD: 32, DRIVER = RemoteWebDriver: chrome on LINUX (841248c94907fc3512eb836382d44fc0)
CURRENT THREAD: 27, DRIVER = RemoteWebDriver: firefox on LINUX (07911d3d-49ed-4812-a4c6-7917b28386b5)
CURRENT THREAD: 32, DRIVER = RemoteWebDriver: chrome on LINUX (90ad04e9f73fb6d08db0f7d72a22bcc1)
]]></system-out>
  </testcase>
  <testcase name="NewsletterSubscription" classname="org.selenium.pom.tests.FormTest" time="7.962">
    <system-out><![CDATA[CURRENT THREAD: 28, DRIVER = RemoteWebDriver: firefox on LINUX (bcd40b92-79a1-41bd-b86e-5fd4e08613ca)
CURRENT THREAD: 28, DRIVER = RemoteWebDriver: firefox on LINUX (6371ba12-8501-4933-932b-64289de8c23a)
]]></system-out>
  </testcase>
  <testcase name="NewsletterSubscription" classname="org.selenium.pom.tests.FormTest" time="13.814">
    <system-out><![CDATA[CURRENT THREAD: 27, DRIVER = RemoteWebDriver: firefox on LINUX (07911d3d-49ed-4812-a4c6-7917b28386b5)
]]></system-out>
  </testcase>
  <testcase name="ItineraryDownloadFormSubmission" classname="org.selenium.pom.tests.FormTest" time="0.65">
    <system-out><![CDATA[CURRENT THREAD: 32, DRIVER = RemoteWebDriver: chrome on LINUX (90ad04e9f73fb6d08db0f7d72a22bcc1)
CURRENT THREAD: 27, DRIVER = RemoteWebDriver: firefox on LINUX (1705f9ce-3d80-4d69-bebd-721e59ace8a0)
CURRENT THREAD: 32, DRIVER = RemoteWebDriver: chrome on LINUX (01902f001f986688aeba475221fd0798)
]]></system-out>
  </testcase>
  <testcase name="ItineraryDownloadFormSubmission" classname="org.selenium.pom.tests.FormTest" time="2.542">
    <system-out><![CDATA[CURRENT THREAD: 31, DRIVER = RemoteWebDriver: chrome on LINUX (9a314736519855f1c8cd0c9605ab2433)
]]></system-out>
  </testcase>
  <testcase name="OnlineCourseGetMoreInfoFormSubmission" classname="org.selenium.pom.tests.FormTest" time="4.238">
    <failure message="Element &lt;input class=&quot;opacity-0 absolute&quot; name=&quot;newsletter&quot; type=&quot;checkbox&quot;&gt; is not clickable at point (827,885) because another element &lt;div class=&quot;gvi-container flex justify-between items-center mx-auto py-7&quot;&gt; obscures it&#10;Build info: version: &apos;4.8.3&apos;, revision: &apos;e5e76298c3&apos;&#10;System info: os.name: &apos;Mac OS X&apos;, os.arch: &apos;aarch64&apos;, os.version: &apos;14.0&apos;, java.version: &apos;17.0.2&apos;&#10;Driver info: org.openqa.selenium.remote.RemoteWebDriver&#10;Command: [6371ba12-8501-4933-932b-64289de8c23a, clickElement {id=4f5325ce-7cae-4512-9daf-b756364c840b}]&#10;Capabilities {acceptInsecureCerts: true, browserName: firefox, browserVersion: 117.0, moz:accessibilityChecks: false, moz:buildID: 20230912013654, moz:debuggerAddress: 127.0.0.1:17170, moz:firefoxOptions: {}, moz:geckodriverVersion: 0.33.0, moz:headless: false, moz:platformVersion: 5.15.49-linuxkit-pr, moz:processID: 3235, moz:profile: /tmp/rust_mozprofileBgdrla, moz:shutdownTimeout: 60000, moz:webdriverClick: true, moz:windowless: false, pageLoadStrategy: normal, platformName: LINUX, proxy: Proxy(), se:bidi: ws://172.19.0.4:4444/sessio..., se:cdp: ws://172.19.0.4:4444/sessio..., se:cdpVersion: 85.0, se:noVncPort: 7900, se:vnc: ws://172.19.0.4:4444/sessio..., se:vncEnabled: true, se:vncLocalAddress: ws://172.19.0.4:7900, setWindowRect: true, strictFileInteractability: false, timeouts: {implicit: 0, pageLoad: 300000, script: 30000}, unhandledPromptBehavior: dismiss and notify}&#10;Element: [[RemoteWebDriver: firefox on LINUX (6371ba12-8501-4933-932b-64289de8c23a)] -&gt; xpath: //input[@name=&apos;newsletter&apos;]]&#10;Session ID: 6371ba12-8501-4933-932b-64289de8c23a" type="org.openqa.selenium.ElementClickInterceptedException"><![CDATA[org.openqa.selenium.ElementClickInterceptedException: 
Element <input class="opacity-0 absolute" name="newsletter" type="checkbox"> is not clickable at point (827,885) because another element <div class="gvi-container flex justify-between items-center mx-auto py-7"> obscures it
Build info: version: '4.8.3', revision: 'e5e76298c3'
System info: os.name: 'Mac OS X', os.arch: 'aarch64', os.version: '14.0', java.version: '17.0.2'
Driver info: org.openqa.selenium.remote.RemoteWebDriver
Command: [6371ba12-8501-4933-932b-64289de8c23a, clickElement {id=4f5325ce-7cae-4512-9daf-b756364c840b}]
Capabilities {acceptInsecureCerts: true, browserName: firefox, browserVersion: 117.0, moz:accessibilityChecks: false, moz:buildID: 20230912013654, moz:debuggerAddress: 127.0.0.1:17170, moz:firefoxOptions: {}, moz:geckodriverVersion: 0.33.0, moz:headless: false, moz:platformVersion: 5.15.49-linuxkit-pr, moz:processID: 3235, moz:profile: /tmp/rust_mozprofileBgdrla, moz:shutdownTimeout: 60000, moz:webdriverClick: true, moz:windowless: false, pageLoadStrategy: normal, platformName: LINUX, proxy: Proxy(), se:bidi: ws://172.19.0.4:4444/sessio..., se:cdp: ws://172.19.0.4:4444/sessio..., se:cdpVersion: 85.0, se:noVncPort: 7900, se:vnc: ws://172.19.0.4:4444/sessio..., se:vncEnabled: true, se:vncLocalAddress: ws://172.19.0.4:7900, setWindowRect: true, strictFileInteractability: false, timeouts: {implicit: 0, pageLoad: 300000, script: 30000}, unhandledPromptBehavior: dismiss and notify}
Element: [[RemoteWebDriver: firefox on LINUX (6371ba12-8501-4933-932b-64289de8c23a)] -> xpath: //input[@name='newsletter']]
Session ID: 6371ba12-8501-4933-932b-64289de8c23a
	at java.base/jdk.internal.reflect.NativeConstructorAccessorImpl.newInstance0(Native Method)
	at java.base/jdk.internal.reflect.NativeConstructorAccessorImpl.newInstance(NativeConstructorAccessorImpl.java:77)
	at java.base/jdk.internal.reflect.DelegatingConstructorAccessorImpl.newInstance(DelegatingConstructorAccessorImpl.java:45)
	at java.base/java.lang.reflect.Constructor.newInstanceWithCaller(Constructor.java:499)
	at java.base/java.lang.reflect.Constructor.newInstance(Constructor.java:480)
	at org.openqa.selenium.remote.codec.w3c.W3CHttpResponseCodec.createException(W3CHttpResponseCodec.java:200)
	at org.openqa.selenium.remote.codec.w3c.W3CHttpResponseCodec.decode(W3CHttpResponseCodec.java:133)
	at org.openqa.selenium.remote.codec.w3c.W3CHttpResponseCodec.decode(W3CHttpResponseCodec.java:53)
	at org.openqa.selenium.remote.HttpCommandExecutor.execute(HttpCommandExecutor.java:193)
	at org.openqa.selenium.remote.TracedCommandExecutor.execute(TracedCommandExecutor.java:51)
	at org.openqa.selenium.remote.RemoteWebDriver.execute(RemoteWebDriver.java:543)
	at org.openqa.selenium.remote.RemoteWebElement.execute(RemoteWebElement.java:257)
	at org.openqa.selenium.remote.RemoteWebElement.click(RemoteWebElement.java:78)
	at org.selenium.pom.pages.forms.OnlineCourseGetMoreInfoForm.selectNewsletter(OnlineCourseGetMoreInfoForm.java:74)
	at org.selenium.pom.tests.FormTest.OnlineCourseGetMoreInfoFormSubmission(FormTest.java:120)
	at java.base/jdk.internal.reflect.NativeMethodAccessorImpl.invoke0(Native Method)
	at java.base/jdk.internal.reflect.NativeMethodAccessorImpl.invoke(NativeMethodAccessorImpl.java:77)
	at java.base/jdk.internal.reflect.DelegatingMethodAccessorImpl.invoke(DelegatingMethodAccessorImpl.java:43)
	at java.base/java.lang.reflect.Method.invoke(Method.java:568)
	at org.testng.internal.invokers.MethodInvocationHelper.invokeMethod(MethodInvocationHelper.java:139)
	at org.testng.internal.invokers.TestInvoker.invokeMethod(TestInvoker.java:677)
	at org.testng.internal.invokers.TestInvoker.invokeTestMethod(TestInvoker.java:221)
	at org.testng.internal.invokers.MethodRunner.runInSequence(MethodRunner.java:50)
	at org.testng.internal.invokers.TestInvoker$MethodInvocationAgent.invoke(TestInvoker.java:969)
	at org.testng.internal.invokers.TestInvoker.invokeTestMethods(TestInvoker.java:194)
	at org.testng.internal.invokers.TestMethodWorker.invokeTestMethods(TestMethodWorker.java:148)
	at org.testng.internal.invokers.TestMethodWorker.run(TestMethodWorker.java:128)
	at java.base/java.util.concurrent.ThreadPoolExecutor.runWorker(ThreadPoolExecutor.java:1136)
	at java.base/java.util.concurrent.ThreadPoolExecutor$Worker.run(ThreadPoolExecutor.java:635)
	at java.base/java.lang.Thread.run(Thread.java:833)
]]></failure>
  </testcase>
  <testcase name="OnlineCourseGetMoreInfoFormSubmission" classname="org.selenium.pom.tests.FormTest" time="2.608">
    <system-out><![CDATA[CURRENT THREAD: 27, DRIVER = RemoteWebDriver: firefox on LINUX (bf285642-5d53-4f39-b82f-3bf6b049519d)
CURRENT THREAD: 29, DRIVER = RemoteWebDriver: firefox on LINUX (62fe095c-09ec-453e-8956-b172e2a9a0dc)
]]></system-out>
  </testcase>
  <testcase name="ParentConsultationFormSubmission" classname="org.selenium.pom.tests.FormTest" time="0.584">
    <system-out><![CDATA[CURRENT THREAD: 31, DRIVER = RemoteWebDriver: chrome on LINUX (48e74271cee64d25b18d42fd31e52fa8)
CURRENT THREAD: 30, DRIVER = RemoteWebDriver: chrome on LINUX (e0a24c17c4cb52d0d3bdac86f3556818)
CURRENT THREAD: 28, DRIVER = RemoteWebDriver: firefox on LINUX (6371ba12-8501-4933-932b-64289de8c23a)
CURRENT THREAD: 30, DRIVER = RemoteWebDriver: chrome on LINUX (a695575409b59f7934d8783459336862)
CURRENT THREAD: 29, DRIVER = RemoteWebDriver: firefox on LINUX (62fe095c-09ec-453e-8956-b172e2a9a0dc)
CURRENT THREAD: 28, DRIVER = RemoteWebDriver: firefox on LINUX (920a0154-9eb1-4321-a0be-ea538495ddad)
]]></system-out>
  </testcase>
  <testcase name="ParentConsultationFormSubmission" classname="org.selenium.pom.tests.FormTest" time="0.889">
    <system-out><![CDATA[CURRENT THREAD: 32, DRIVER = RemoteWebDriver: chrome on LINUX (01902f001f986688aeba475221fd0798)
CURRENT THREAD: 29, DRIVER = RemoteWebDriver: firefox on LINUX (a2bd043d-e870-4ab6-a0c2-be6c13f2bc75)
]]></system-out>
  </testcase>
  <testcase name="SeaTurtleThaiApplicationFormSubmission" classname="org.selenium.pom.tests.FormTest" time="3.013">
    <system-out><![CDATA[CURRENT THREAD: 27, DRIVER = RemoteWebDriver: firefox on LINUX (1705f9ce-3d80-4d69-bebd-721e59ace8a0)
]]></system-out>
  </testcase>
  <testcase name="SeaTurtleThaiApplicationFormSubmission" classname="org.selenium.pom.tests.FormTest" time="0.187">
    <system-out><![CDATA[CURRENT THREAD: 30, DRIVER = RemoteWebDriver: chrome on LINUX (a695575409b59f7934d8783459336862)
CURRENT THREAD: 30, DRIVER = RemoteWebDriver: chrome on LINUX (c3ee111b7856267202c9b5cd5c447a2c)
]]></system-out>
  </testcase>
  <testcase name="SpecificCallBackRequestFormSubmission" classname="org.selenium.pom.tests.FormTest" time="4.396">
    <failure message="The element with the reference 053c936f-77cd-4070-9c6d-6b77bb052dbc is stale; either its node document is not the active document, or it is no longer connected to the DOM&#10;For documentation on this error, please visit: https://selenium.dev/exceptions/#stale_element_reference&#10;Build info: version: &apos;4.8.3&apos;, revision: &apos;e5e76298c3&apos;&#10;System info: os.name: &apos;Mac OS X&apos;, os.arch: &apos;aarch64&apos;, os.version: &apos;14.0&apos;, java.version: &apos;17.0.2&apos;&#10;Driver info: org.openqa.selenium.remote.RemoteWebDriver&#10;Command: [a2bd043d-e870-4ab6-a0c2-be6c13f2bc75, sendKeysToElement {id=053c936f-77cd-4070-9c6d-6b77bb052dbc, value=[Ljava.lang.CharSequence;@8ea7be}]&#10;Capabilities {acceptInsecureCerts: true, browserName: firefox, browserVersion: 117.0, moz:accessibilityChecks: false, moz:buildID: 20230912013654, moz:debuggerAddress: 127.0.0.1:15791, moz:firefoxOptions: {}, moz:geckodriverVersion: 0.33.0, moz:headless: false, moz:platformVersion: 5.15.49-linuxkit-pr, moz:processID: 4799, moz:profile: /tmp/rust_mozprofilebD22Tp, moz:shutdownTimeout: 60000, moz:webdriverClick: true, moz:windowless: false, pageLoadStrategy: normal, platformName: LINUX, proxy: Proxy(), se:bidi: ws://172.19.0.4:4444/sessio..., se:cdp: ws://172.19.0.4:4444/sessio..., se:cdpVersion: 85.0, se:noVncPort: 7900, se:vnc: ws://172.19.0.4:4444/sessio..., se:vncEnabled: true, se:vncLocalAddress: ws://172.19.0.4:7900, setWindowRect: true, strictFileInteractability: false, timeouts: {implicit: 0, pageLoad: 300000, script: 30000}, unhandledPromptBehavior: dismiss and notify}&#10;Element: [[RemoteWebDriver: firefox on LINUX (a2bd043d-e870-4ab6-a0c2-be6c13f2bc75)] -&gt; css selector: textarea[name=&apos;why_want_to_apply&apos;]]&#10;Session ID: a2bd043d-e870-4ab6-a0c2-be6c13f2bc75" type="org.openqa.selenium.StaleElementReferenceException"><![CDATA[org.openqa.selenium.StaleElementReferenceException: 
The element with the reference 053c936f-77cd-4070-9c6d-6b77bb052dbc is stale; either its node document is not the active document, or it is no longer connected to the DOM
For documentation on this error, please visit: https://selenium.dev/exceptions/#stale_element_reference
Build info: version: '4.8.3', revision: 'e5e76298c3'
System info: os.name: 'Mac OS X', os.arch: 'aarch64', os.version: '14.0', java.version: '17.0.2'
Driver info: org.openqa.selenium.remote.RemoteWebDriver
Command: [a2bd043d-e870-4ab6-a0c2-be6c13f2bc75, sendKeysToElement {id=053c936f-77cd-4070-9c6d-6b77bb052dbc, value=[Ljava.lang.CharSequence;@8ea7be}]
Capabilities {acceptInsecureCerts: true, browserName: firefox, browserVersion: 117.0, moz:accessibilityChecks: false, moz:buildID: 20230912013654, moz:debuggerAddress: 127.0.0.1:15791, moz:firefoxOptions: {}, moz:geckodriverVersion: 0.33.0, moz:headless: false, moz:platformVersion: 5.15.49-linuxkit-pr, moz:processID: 4799, moz:profile: /tmp/rust_mozprofilebD22Tp, moz:shutdownTimeout: 60000, moz:webdriverClick: true, moz:windowless: false, pageLoadStrategy: normal, platformName: LINUX, proxy: Proxy(), se:bidi: ws://172.19.0.4:4444/sessio..., se:cdp: ws://172.19.0.4:4444/sessio..., se:cdpVersion: 85.0, se:noVncPort: 7900, se:vnc: ws://172.19.0.4:4444/sessio..., se:vncEnabled: true, se:vncLocalAddress: ws://172.19.0.4:7900, setWindowRect: true, strictFileInteractability: false, timeouts: {implicit: 0, pageLoad: 300000, script: 30000}, unhandledPromptBehavior: dismiss and notify}
Element: [[RemoteWebDriver: firefox on LINUX (a2bd043d-e870-4ab6-a0c2-be6c13f2bc75)] -> css selector: textarea[name='why_want_to_apply']]
Session ID: a2bd043d-e870-4ab6-a0c2-be6c13f2bc75
	at java.base/jdk.internal.reflect.NativeConstructorAccessorImpl.newInstance0(Native Method)
	at java.base/jdk.internal.reflect.NativeConstructorAccessorImpl.newInstance(NativeConstructorAccessorImpl.java:77)
	at java.base/jdk.internal.reflect.DelegatingConstructorAccessorImpl.newInstance(DelegatingConstructorAccessorImpl.java:45)
	at java.base/java.lang.reflect.Constructor.newInstanceWithCaller(Constructor.java:499)
	at java.base/java.lang.reflect.Constructor.newInstance(Constructor.java:480)
	at org.openqa.selenium.remote.codec.w3c.W3CHttpResponseCodec.createException(W3CHttpResponseCodec.java:200)
	at org.openqa.selenium.remote.codec.w3c.W3CHttpResponseCodec.decode(W3CHttpResponseCodec.java:133)
	at org.openqa.selenium.remote.codec.w3c.W3CHttpResponseCodec.decode(W3CHttpResponseCodec.java:53)
	at org.openqa.selenium.remote.HttpCommandExecutor.execute(HttpCommandExecutor.java:193)
	at org.openqa.selenium.remote.TracedCommandExecutor.execute(TracedCommandExecutor.java:51)
	at org.openqa.selenium.remote.RemoteWebDriver.execute(RemoteWebDriver.java:543)
	at org.openqa.selenium.remote.RemoteWebElement.execute(RemoteWebElement.java:257)
	at org.openqa.selenium.remote.RemoteWebElement.sendKeys(RemoteWebElement.java:113)
	at org.selenium.pom.pages.forms.CallBackRequestSpecific.enterComment(CallBackRequestSpecific.java:69)
	at org.selenium.pom.pages.forms.CallBackRequestSpecific.setUserInfo(CallBackRequestSpecific.java:79)
	at org.selenium.pom.tests.FormTest.SpecificCallBackRequestFormSubmission(FormTest.java:147)
	at java.base/jdk.internal.reflect.NativeMethodAccessorImpl.invoke0(Native Method)
	at java.base/jdk.internal.reflect.NativeMethodAccessorImpl.invoke(NativeMethodAccessorImpl.java:77)
	at java.base/jdk.internal.reflect.DelegatingMethodAccessorImpl.invoke(DelegatingMethodAccessorImpl.java:43)
	at java.base/java.lang.reflect.Method.invoke(Method.java:568)
	at org.testng.internal.invokers.MethodInvocationHelper.invokeMethod(MethodInvocationHelper.java:139)
	at org.testng.internal.invokers.TestInvoker.invokeMethod(TestInvoker.java:677)
	at org.testng.internal.invokers.TestInvoker.invokeTestMethod(TestInvoker.java:221)
	at org.testng.internal.invokers.MethodRunner.runInSequence(MethodRunner.java:50)
	at org.testng.internal.invokers.TestInvoker$MethodInvocationAgent.invoke(TestInvoker.java:969)
	at org.testng.internal.invokers.TestInvoker.invokeTestMethods(TestInvoker.java:194)
	at org.testng.internal.invokers.TestMethodWorker.invokeTestMethods(TestMethodWorker.java:148)
	at org.testng.internal.invokers.TestMethodWorker.run(TestMethodWorker.java:128)
	at java.base/java.util.concurrent.ThreadPoolExecutor.runWorker(ThreadPoolExecutor.java:1136)
	at java.base/java.util.concurrent.ThreadPoolExecutor$Worker.run(ThreadPoolExecutor.java:635)
	at java.base/java.lang.Thread.run(Thread.java:833)
]]></failure>
    <system-out><![CDATA[CURRENT THREAD: 32, DRIVER = RemoteWebDriver: chrome on LINUX (4b3d244cdf086b1c658c252e17e5e994)
CURRENT THREAD: 31, DRIVER = RemoteWebDriver: chrome on LINUX (48e74271cee64d25b18d42fd31e52fa8)
CURRENT THREAD: 31, DRIVER = RemoteWebDriver: chrome on LINUX (406852b0b051cc70f9729bc208e6c821)
]]></system-out>
  </testcase>
  <testcase name="SpecificCallBackRequestFormSubmission" classname="org.selenium.pom.tests.FormTest" time="14.586">
    <system-out><![CDATA[CURRENT THREAD: 27, DRIVER = RemoteWebDriver: firefox on LINUX (bf285642-5d53-4f39-b82f-3bf6b049519d)
]]></system-out>
  </testcase>
  <testcase name="SpeakToAlumniFormSubmission" classname="org.selenium.pom.tests.FormTest" time="12.668">
    <system-out><![CDATA[CURRENT THREAD: 29, DRIVER = RemoteWebDriver: firefox on LINUX (a2bd043d-e870-4ab6-a0c2-be6c13f2bc75)
]]></system-out>
  </testcase>
  <testcase name="SpeakToAlumniFormSubmission" classname="org.selenium.pom.tests.FormTest" time="41.873">
    <system-out><![CDATA[CURRENT THREAD: 30, DRIVER = RemoteWebDriver: chrome on LINUX (c3ee111b7856267202c9b5cd5c447a2c)
]]></system-out>
  </testcase>
  <testcase name="SeaTurtleThaiCompleteApplicationFormSubmission" classname="org.selenium.pom.tests.FormTest" time="19.812">
    <failure message="Expected condition failed: waiting for element to be clickable: By.xpath: //*[@id=&quot;react-select-2-option-1&quot;] (tried for 30 second(s) with 500 milliseconds interval)&#10;Build info: version: &apos;4.8.3&apos;, revision: &apos;e5e76298c3&apos;&#10;System info: os.name: &apos;Mac OS X&apos;, os.arch: &apos;aarch64&apos;, os.version: &apos;14.0&apos;, java.version: &apos;17.0.2&apos;&#10;Driver info: org.openqa.selenium.remote.RemoteWebDriver&#10;Capabilities {acceptInsecureCerts: true, browserName: firefox, browserVersion: 117.0, moz:accessibilityChecks: false, moz:buildID: 20230912013654, moz:debuggerAddress: 127.0.0.1:26164, moz:firefoxOptions: {}, moz:geckodriverVersion: 0.33.0, moz:headless: false, moz:platformVersion: 5.15.49-linuxkit-pr, moz:processID: 4227, moz:profile: /tmp/rust_mozprofileVEDEJ4, moz:shutdownTimeout: 60000, moz:webdriverClick: true, moz:windowless: false, pageLoadStrategy: normal, platformName: LINUX, proxy: Proxy(), se:bidi: ws://172.19.0.4:4444/sessio..., se:cdp: ws://172.19.0.4:4444/sessio..., se:cdpVersion: 85.0, se:noVncPort: 7900, se:vnc: ws://172.19.0.4:4444/sessio..., se:vncEnabled: true, se:vncLocalAddress: ws://172.19.0.4:7900, setWindowRect: true, strictFileInteractability: false, timeouts: {implicit: 0, pageLoad: 300000, script: 30000}, unhandledPromptBehavior: dismiss and notify}&#10;Session ID: 920a0154-9eb1-4321-a0be-ea538495ddad" type="org.openqa.selenium.TimeoutException"><![CDATA[org.openqa.selenium.TimeoutException: 
Expected condition failed: waiting for element to be clickable: By.xpath: //*[@id="react-select-2-option-1"] (tried for 30 second(s) with 500 milliseconds interval)
Build info: version: '4.8.3', revision: 'e5e76298c3'
System info: os.name: 'Mac OS X', os.arch: 'aarch64', os.version: '14.0', java.version: '17.0.2'
Driver info: org.openqa.selenium.remote.RemoteWebDriver
Capabilities {acceptInsecureCerts: true, browserName: firefox, browserVersion: 117.0, moz:accessibilityChecks: false, moz:buildID: 20230912013654, moz:debuggerAddress: 127.0.0.1:26164, moz:firefoxOptions: {}, moz:geckodriverVersion: 0.33.0, moz:headless: false, moz:platformVersion: 5.15.49-linuxkit-pr, moz:processID: 4227, moz:profile: /tmp/rust_mozprofileVEDEJ4, moz:shutdownTimeout: 60000, moz:webdriverClick: true, moz:windowless: false, pageLoadStrategy: normal, platformName: LINUX, proxy: Proxy(), se:bidi: ws://172.19.0.4:4444/sessio..., se:cdp: ws://172.19.0.4:4444/sessio..., se:cdpVersion: 85.0, se:noVncPort: 7900, se:vnc: ws://172.19.0.4:4444/sessio..., se:vncEnabled: true, se:vncLocalAddress: ws://172.19.0.4:7900, setWindowRect: true, strictFileInteractability: false, timeouts: {implicit: 0, pageLoad: 300000, script: 30000}, unhandledPromptBehavior: dismiss and notify}
Session ID: 920a0154-9eb1-4321-a0be-ea538495ddad
	at org.openqa.selenium.support.ui.WebDriverWait.timeoutException(WebDriverWait.java:87)
	at org.openqa.selenium.support.ui.FluentWait.until(FluentWait.java:231)
	at org.selenium.pom.pages.forms.CompleteYourApplication.selectStartDateOption(CompleteYourApplication.java:54)
	at org.selenium.pom.tests.FormTest.SeaTurtleThaiCompleteApplicationFormSubmission(FormTest.java:39)
	at java.base/jdk.internal.reflect.NativeMethodAccessorImpl.invoke0(Native Method)
	at java.base/jdk.internal.reflect.NativeMethodAccessorImpl.invoke(NativeMethodAccessorImpl.java:77)
	at java.base/jdk.internal.reflect.DelegatingMethodAccessorImpl.invoke(DelegatingMethodAccessorImpl.java:43)
	at java.base/java.lang.reflect.Method.invoke(Method.java:568)
	at org.testng.internal.invokers.MethodInvocationHelper.invokeMethod(MethodInvocationHelper.java:139)
	at org.testng.internal.invokers.TestInvoker.invokeMethod(TestInvoker.java:677)
	at org.testng.internal.invokers.TestInvoker.invokeTestMethod(TestInvoker.java:221)
	at org.testng.internal.invokers.MethodRunner.runInSequence(MethodRunner.java:50)
	at org.testng.internal.invokers.TestInvoker$MethodInvocationAgent.invoke(TestInvoker.java:969)
	at org.testng.internal.invokers.TestInvoker.invokeTestMethods(TestInvoker.java:194)
	at org.testng.internal.invokers.TestMethodWorker.invokeTestMethods(TestMethodWorker.java:148)
	at org.testng.internal.invokers.TestMethodWorker.run(TestMethodWorker.java:128)
	at java.base/java.util.concurrent.ThreadPoolExecutor.runWorker(ThreadPoolExecutor.java:1136)
	at java.base/java.util.concurrent.ThreadPoolExecutor$Worker.run(ThreadPoolExecutor.java:635)
	at java.base/java.lang.Thread.run(Thread.java:833)
]]></failure>
    <system-out><![CDATA[CURRENT THREAD: 31, DRIVER = RemoteWebDriver: chrome on LINUX (406852b0b051cc70f9729bc208e6c821)
]]></system-out>
  </testcase>
  <testcase name="SeaTurtleThaiCompleteApplicationFormSubmission" classname="org.selenium.pom.tests.FormTest" time="27.808">
    <failure message="Expected condition failed: waiting for element to be clickable: By.xpath: /html/body/div[1]/div[1]/div[2]/div/div/div/section/div/div[2]/div/form/div[2]/div[1]/div[2]/div[2]/div/div (tried for 30 second(s) with 500 milliseconds interval)&#10;Build info: version: &apos;4.8.3&apos;, revision: &apos;e5e76298c3&apos;&#10;System info: os.name: &apos;Mac OS X&apos;, os.arch: &apos;aarch64&apos;, os.version: &apos;14.0&apos;, java.version: &apos;17.0.2&apos;&#10;Driver info: org.openqa.selenium.remote.RemoteWebDriver&#10;Capabilities {acceptInsecureCerts: false, browserName: chrome, browserVersion: 117.0.5938.62, chrome: {chromedriverVersion: 117.0.5938.62 (25a7172909a4..., userDataDir: /tmp/.org.chromium.Chromium...}, fedcm:accounts: true, goog:chromeOptions: {debuggerAddress: localhost:36659}, networkConnectionEnabled: false, pageLoadStrategy: normal, platformName: LINUX, proxy: Proxy(), se:bidiEnabled: false, se:cdp: ws://172.19.0.3:4444/sessio..., se:cdpVersion: 117.0.5938.62, se:vnc: ws://172.19.0.3:4444/sessio..., se:vncEnabled: true, se:vncLocalAddress: ws://172.19.0.3:7900, setWindowRect: true, strictFileInteractability: false, timeouts: {implicit: 0, pageLoad: 300000, script: 30000}, unhandledPromptBehavior: dismiss and notify, webauthn:extension:credBlob: true, webauthn:extension:largeBlob: true, webauthn:extension:minPinLength: true, webauthn:extension:prf: true, webauthn:virtualAuthenticators: true}&#10;Session ID: c3ee111b7856267202c9b5cd5c447a2c" type="org.openqa.selenium.TimeoutException"><![CDATA[org.openqa.selenium.TimeoutException: 
Expected condition failed: waiting for element to be clickable: By.xpath: /html/body/div[1]/div[1]/div[2]/div/div/div/section/div/div[2]/div/form/div[2]/div[1]/div[2]/div[2]/div/div (tried for 30 second(s) with 500 milliseconds interval)
Build info: version: '4.8.3', revision: 'e5e76298c3'
System info: os.name: 'Mac OS X', os.arch: 'aarch64', os.version: '14.0', java.version: '17.0.2'
Driver info: org.openqa.selenium.remote.RemoteWebDriver
Capabilities {acceptInsecureCerts: false, browserName: chrome, browserVersion: 117.0.5938.62, chrome: {chromedriverVersion: 117.0.5938.62 (25a7172909a4..., userDataDir: /tmp/.org.chromium.Chromium...}, fedcm:accounts: true, goog:chromeOptions: {debuggerAddress: localhost:36659}, networkConnectionEnabled: false, pageLoadStrategy: normal, platformName: LINUX, proxy: Proxy(), se:bidiEnabled: false, se:cdp: ws://172.19.0.3:4444/sessio..., se:cdpVersion: 117.0.5938.62, se:vnc: ws://172.19.0.3:4444/sessio..., se:vncEnabled: true, se:vncLocalAddress: ws://172.19.0.3:7900, setWindowRect: true, strictFileInteractability: false, timeouts: {implicit: 0, pageLoad: 300000, script: 30000}, unhandledPromptBehavior: dismiss and notify, webauthn:extension:credBlob: true, webauthn:extension:largeBlob: true, webauthn:extension:minPinLength: true, webauthn:extension:prf: true, webauthn:virtualAuthenticators: true}
Session ID: c3ee111b7856267202c9b5cd5c447a2c
	at org.openqa.selenium.support.ui.WebDriverWait.timeoutException(WebDriverWait.java:87)
	at org.openqa.selenium.support.ui.FluentWait.until(FluentWait.java:231)
	at org.selenium.pom.pages.forms.CompleteYourApplication.selectDurationOption(CompleteYourApplication.java:66)
	at org.selenium.pom.tests.FormTest.SeaTurtleThaiCompleteApplicationFormSubmission(FormTest.java:41)
	at java.base/jdk.internal.reflect.NativeMethodAccessorImpl.invoke0(Native Method)
	at java.base/jdk.internal.reflect.NativeMethodAccessorImpl.invoke(NativeMethodAccessorImpl.java:77)
	at java.base/jdk.internal.reflect.DelegatingMethodAccessorImpl.invoke(DelegatingMethodAccessorImpl.java:43)
	at java.base/java.lang.reflect.Method.invoke(Method.java:568)
	at org.testng.internal.invokers.MethodInvocationHelper.invokeMethod(MethodInvocationHelper.java:139)
	at org.testng.internal.invokers.TestInvoker.invokeMethod(TestInvoker.java:677)
	at org.testng.internal.invokers.TestInvoker.invokeTestMethod(TestInvoker.java:221)
	at org.testng.internal.invokers.MethodRunner.runInSequence(MethodRunner.java:50)
	at org.testng.internal.invokers.TestInvoker$MethodInvocationAgent.invoke(TestInvoker.java:969)
	at org.testng.internal.invokers.TestInvoker.invokeTestMethods(TestInvoker.java:194)
	at org.testng.internal.invokers.TestMethodWorker.invokeTestMethods(TestMethodWorker.java:148)
	at org.testng.internal.invokers.TestMethodWorker.run(TestMethodWorker.java:128)
	at java.base/java.util.concurrent.ThreadPoolExecutor.runWorker(ThreadPoolExecutor.java:1136)
	at java.base/java.util.concurrent.ThreadPoolExecutor$Worker.run(ThreadPoolExecutor.java:635)
	at java.base/java.lang.Thread.run(Thread.java:833)
]]></failure>
    <system-out><![CDATA[CURRENT THREAD: 28, DRIVER = RemoteWebDriver: firefox on LINUX (920a0154-9eb1-4321-a0be-ea538495ddad)
]]></system-out>
  </testcase>
</testsuite>